Mono path[0] = 'C:/Users/mahdi/Desktop/Poly/LOG8715/TP2/TP2-H26/TP2-H26/buildfinal/TP2_Data/Managed'
Mono config path = 'C:/Users/mahdi/Desktop/Poly/LOG8715/TP2/TP2-H26/TP2-H26/buildfinal/MonoBleedingEdge/etc'
Input System module state changed to: Initialized.
[Physics::Module] Initialized fallback backend.
[Physics::Module] Id: 0xdecafbad
Initialize engine version: 6000.0.65f1 (a18e2220bd50)
[Subsystems] Discovering subsystems at path C:/Users/mahdi/Desktop/Poly/LOG8715/TP2/TP2-H26/TP2-H26/buildfinal/TP2_Data/UnitySubsystems
Forcing GfxDevice: Null
GfxDevice: creating device client; kGfxThreadingModeNonThreaded
NullGfxDevice:
    Version:  NULL 1.0 [1.0]
    Renderer: Null Device
    Vendor:   Unity Technologies
Begin MonoManager ReloadAssembly
- Loaded All Assemblies, in  0.112 seconds
- Finished resetting the current domain, in  0.002 seconds
[Physics::Module] Selected backend.
[Physics::Module] Name: PhysX
[Physics::Module] Id: 0xf2b8ea05
[Physics::Module] SDK Version: 4.1.2
[Physics::Module] Integration Version: 1.0.0
[Physics::Module] Threading Mode: Multi-Threaded
Microsoft Media Foundation video decoding to texture disabled: graphics device is Null, only Direct3D 11 and Direct3D 12 (only on desktop) are supported for hardware-accelerated video decoding.
UnloadTime: 1.041600 ms
Chargement de la scene: Ex2
Unloading 4 Unused Serialized files (Serialized files now loaded: 0)
UnloadTime: 0.022700 ms
Unloading 3 unused Assets to reduce memory usage. Loaded Objects now: 873.
Total: 2.164800 ms (FindLiveObjects: 0.027600 ms CreateObjectMapping: 0.009900 ms MarkObjects: 2.118900 ms  DeleteObjects: 0.008100 ms)

 FPS: 9643
 FPS: 78
 FPS: 77
 FPS: 67
 FPS: 79
 FPS: 78
 FPS: 82
 FPS: 82
 FPS: 83
 FPS: 81
 FPS: 78
 FPS: 80
 FPS: 78
 FPS: 80
 FPS: 82
Chargement de la scene: Ex3
Unloading 3 Unused Serialized files (Serialized files now loaded: 0)
UnloadTime: 88.145300 ms
Unloading 11 unused Assets to reduce memory usage. Loaded Objects now: 843.
Total: 19.962000 ms (FindLiveObjects: 0.026400 ms CreateObjectMapping: 0.010500 ms MarkObjects: 19.891400 ms  DeleteObjects: 0.033200 ms)

 FPS: 82
Streamed scene with   29ms latency from C:/Users/mahdi/Desktop/Poly/LOG8715/TP2/TP2-H26/TP2-H26/buildfinal/TP2_Data/StreamingAssets/EntityScenes/3b44430e06532c5438fe1d18dbef2ff6.0.entities
 FPS: 158
 FPS: 182
 FPS: 176
 FPS: 172
 FPS: 175
 FPS: 164
 FPS: 170
 FPS: 163
 FPS: 134
 FPS: 149
 FPS: 147
 FPS: 146
 FPS: 141
 FPS: 133
Chargement de la scene: Ex2
Unloading 3 Unused Serialized files (Serialized files now loaded: 0)
UnloadTime: 6.362700 ms
Unloading 1 unused Assets to reduce memory usage. Loaded Objects now: 40878.
Total: 5.603600 ms (FindLiveObjects: 1.470500 ms CreateObjectMapping: 0.244200 ms MarkObjects: 3.842700 ms  DeleteObjects: 0.046100 ms)

[Physics::Module] Cleanup current backned.
[Physics::Module] Id: 0xf2b8ea05
Input System module state changed to: ShutdownInProgress.
Input System polling thread exited.
Input System module state changed to: Shutdown.
